<?xml version="1.0" encoding="UTF-8"?>
<!-- Generated by org.testng.reporters.JUnitXMLReporter -->
<testsuite ignored="0" hostname="HP-840G3-001" failures="0" tests="5" name="Test" time="27.392" errors="0" timestamp="2023-12-27T11:36:14 IST">
  <testcase classname="TestForPurchase.IndentEnteryTest" name="@BeforeTest setup" time="5.229">
    <failure type="org.openqa.selenium.NoSuchElementException" message="Cannot locate an element using xpath=//input[@type=&amp;apos;text&amp;apos;]
For documentation on this error, please visit: https://www.seleniumhq.org/exceptions/no_such_element.html
Build info: version: &amp;apos;3.141.59&amp;apos;, revision: &amp;apos;e82be7d358&amp;apos;, time: &amp;apos;2018-11-14T08:17:03&amp;apos;
System info: host: &amp;apos;HP-840G3-001&amp;apos;, ip: &amp;apos;192.168.0.69&amp;apos;, os.name: &amp;apos;Windows 10&amp;apos;, os.arch: &amp;apos;amd64&amp;apos;, os.version: &amp;apos;10.0&amp;apos;, java.version: &amp;apos;17.0.6&amp;apos;
Driver info: driver.version: RemoteWebDriver">
      <![CDATA[org.openqa.selenium.NoSuchElementException: Cannot locate an element using xpath=//input[@type='text']
For documentation on this error, please visit: https://www.seleniumhq.org/exceptions/no_such_element.html
Build info: version: '3.141.59', revision: 'e82be7d358', time: '2018-11-14T08:17:03'
System info: host: 'HP-840G3-001', ip: '192.168.0.69', os.name: 'Windows 10', os.arch: 'amd64', os.version: '10.0', java.version: '17.0.6'
Driver info: driver.version: RemoteWebDriver
at org.openqa.selenium.remote.RemoteWebDriver.findElement(RemoteWebDriver.java:327)
at org.openqa.selenium.remote.RemoteWebDriver.findElementByXPath(RemoteWebDriver.java:428)
at org.openqa.selenium.By$ByXPath.findElement(By.java:353)
at org.openqa.selenium.remote.RemoteWebDriver.findElement(RemoteWebDriver.java:315)
at TestBase.Base.initialization(Base.java:70)
at TestForPurchase.IndentEnteryTest.setup(IndentEnteryTest.java:31)
... Removed 24 stack frames]]>
    </failure>
  </testcase> <!-- @BeforeTest setup -->
  <testcase classname="TestForPurchase.ParchaseOrderTest" name="@BeforeTest setup" time="-1.703657174296E9">
    <skipped/>
  </testcase> <!-- @BeforeTest setup -->
  <testcase classname="TestForPurchase.QuataionEntryTest" name="@BeforeTest setup" time="-1.7036571743E9">
    <skipped/>
  </testcase> <!-- @BeforeTest setup -->
  <testcase classname="TestForPurchase.QuotationReceivedTest" name="@BeforeTest setup" time="-1.703657174304E9">
    <skipped/>
  </testcase> <!-- @BeforeTest setup -->
  <testcase classname="TestForPurchase.EnquriyEntryTest" name="@AfterTest tearDown" time="-1.703657174506E9">
    <skipped/>
  </testcase> <!-- @AfterTest tearDown -->
  <testcase classname="TestForPurchase.IndentEnteryTest" name="@AfterTest tearDown" time="-1.70365717451E9">
    <skipped/>
  </testcase> <!-- @AfterTest tearDown -->
  <testcase classname="TestForPurchase.ParchaseOrderTest" name="@AfterTest TearDown" time="-1.703657174514E9">
    <skipped/>
  </testcase> <!-- @AfterTest TearDown -->
  <testcase classname="TestForPurchase.QuataionEntryTest" name="@AfterTest TearDown" time="-1.703657174517E9">
    <skipped/>
  </testcase> <!-- @AfterTest TearDown -->
  <testcase classname="TestForPurchase.QuotationReceivedTest" name="@AfterTest TearDown" time="-1.703657174521E9">
    <skipped/>
  </testcase> <!-- @AfterTest TearDown -->
  <testcase classname="TestForPurchase.QuataionEntryTest" name="VerifyUsreMasterForm" time="0.001">
    <skipped/>
  </testcase> <!-- VerifyUsreMasterForm -->
  <testcase classname="TestForPurchase.QuotationReceivedTest" name="VerifyQuotationReceivedForm" time="0.0">
    <skipped/>
  </testcase> <!-- VerifyQuotationReceivedForm -->
  <testcase classname="TestForPurchase.ParchaseOrderTest" name="VerifyParchaseOrderForm" time="0.0">
    <skipped/>
  </testcase> <!-- VerifyParchaseOrderForm -->
  <testcase classname="TestForPurchase.EnquriyEntryTest" name="VerifyUserMasterForm" time="0.0">
    <skipped/>
  </testcase> <!-- VerifyUserMasterForm -->
  <testcase classname="TestForPurchase.IndentEnteryTest" name="VerifyIndentEnteryForm" time="0.0">
    <skipped/>
  </testcase> <!-- VerifyIndentEnteryForm -->
</testsuite> <!-- Test -->
