<?xml version="1.0" encoding="UTF-8"?>
<!-- Generated by org.testng.reporters.JUnitXMLReporter -->
<testsuite ignored="0" hostname="lap_aalshi" failures="0" tests="5" name="Verify Admin Module Functionality" time="16.017" errors="0" timestamp="2024-01-11T10:53:58 IST">
  <testcase classname="com.AdminTest.DepartmentTest" name="@BeforeTest setup" time="15.76">
    <failure type="org.openqa.selenium.NoSuchWindowException" message="no such window: target window already closed
from unknown error: web view not found
  (Session info: chrome=120.0.6099.216)
Build info: version: &amp;apos;3.141.59&amp;apos;, revision: &amp;apos;e82be7d358&amp;apos;, time: &amp;apos;2018-11-14T08:17:03&amp;apos;
System info: host: &amp;apos;LAP_AALSHI&amp;apos;, ip: &amp;apos;192.168.0.69&amp;apos;, os.name: &amp;apos;Windows 10&amp;apos;, os.arch: &amp;apos;amd64&amp;apos;, os.version: &amp;apos;10.0&amp;apos;, java.version: &amp;apos;17.0.6&amp;apos;
Driver info: org.openqa.selenium.chrome.ChromeDriver
Capabilities {acceptInsecureCerts: false, browserName: chrome, browserVersion: 120.0.6099.216, chrome: {chromedriverVersion: 119.0.6045.105 (38c72552c5e..., userDataDir: C:\Users\HP\AppData\Local\T...}, fedcm:accounts: true, goog:chromeOptions: {debuggerAddress: localhost:63052}, javascriptEnabled: true, networkConnectionEnabled: false, pageLoadStrategy: normal, platform: WINDOWS, platformName: WINDOWS, proxy: Proxy(), setWindowRect: true, strictFileInteractability: false, timeouts: {implicit: 0, pageLoad: 300000, script: 30000}, unhandledPromptBehavior: dismiss and notify, webauthn:extension:credBlob: true, webauthn:extension:largeBlob: true, webauthn:extension:minPinLength: true, webauthn:extension:prf: true, webauthn:virtualAuthenticators: true}
Session ID: 01f1222b19bb90d086efcd1c2e2d483a
*** Element info: {Using=xpath, value=(//span[text()=&amp;apos;Organization&amp;apos;])[1]}">
      <![CDATA[org.openqa.selenium.NoSuchWindowException: no such window: target window already closed
from unknown error: web view not found
  (Session info: chrome=120.0.6099.216)
Build info: version: '3.141.59', revision: 'e82be7d358', time: '2018-11-14T08:17:03'
System info: host: 'LAP_AALSHI', ip: '192.168.0.69', os.name: 'Windows 10', os.arch: 'amd64', os.version: '10.0', java.version: '17.0.6'
Driver info: org.openqa.selenium.chrome.ChromeDriver
Capabilities {acceptInsecureCerts: false, browserName: chrome, browserVersion: 120.0.6099.216, chrome: {chromedriverVersion: 119.0.6045.105 (38c72552c5e..., userDataDir: C:\Users\HP\AppData\Local\T...}, fedcm:accounts: true, goog:chromeOptions: {debuggerAddress: localhost:63052}, javascriptEnabled: true, networkConnectionEnabled: false, pageLoadStrategy: normal, platform: WINDOWS, platformName: WINDOWS, proxy: Proxy(), setWindowRect: true, strictFileInteractability: false, timeouts: {implicit: 0, pageLoad: 300000, script: 30000}, unhandledPromptBehavior: dismiss and notify, webauthn:extension:credBlob: true, webauthn:extension:largeBlob: true, webauthn:extension:minPinLength: true, webauthn:extension:prf: true, webauthn:virtualAuthenticators: true}
Session ID: 01f1222b19bb90d086efcd1c2e2d483a
*** Element info: {Using=xpath, value=(//span[text()='Organization'])[1]}
at org.openqa.selenium.remote.http.W3CHttpResponseCodec.createException(W3CHttpResponseCodec.java:187)
at org.openqa.selenium.remote.http.W3CHttpResponseCodec.decode(W3CHttpResponseCodec.java:122)
at org.openqa.selenium.remote.http.W3CHttpResponseCodec.decode(W3CHttpResponseCodec.java:49)
at org.openqa.selenium.remote.HttpCommandExecutor.execute(HttpCommandExecutor.java:158)
at org.openqa.selenium.remote.service.DriverCommandExecutor.execute(DriverCommandExecutor.java:83)
at org.openqa.selenium.remote.RemoteWebDriver.execute(RemoteWebDriver.java:552)
at org.openqa.selenium.remote.RemoteWebDriver.findElement(RemoteWebDriver.java:323)
at org.openqa.selenium.remote.RemoteWebDriver.findElementByXPath(RemoteWebDriver.java:428)
at org.openqa.selenium.By$ByXPath.findElement(By.java:353)
at org.openqa.selenium.remote.RemoteWebDriver.findElement(RemoteWebDriver.java:315)
at TestBase.TBase.selectModuleNameForAdminWithForm(TBase.java:135)
at com.AdminTest.DepartmentTest.setup(DepartmentTest.java:38)
... Removed 29 stack frames]]>
    </failure>
  </testcase> <!-- @BeforeTest setup -->
  <testcase classname="com.AdminTest.DesignationsTest" name="@BeforeTest setup" time="-1.704950638366E9">
    <skipped/>
  </testcase> <!-- @BeforeTest setup -->
  <testcase classname="com.AdminTest.EntityTest" name="@BeforeTest setup" time="-1.704950638368E9">
    <skipped/>
  </testcase> <!-- @BeforeTest setup -->
  <testcase classname="com.AdminTest.RolesAndPermissionsTest" name="@BeforeTest setup" time="-1.704950638369E9">
    <skipped/>
  </testcase> <!-- @BeforeTest setup -->
  <testcase classname="com.AdminTest.UserMasterTest" name="@BeforeTest setup" time="-1.70495063837E9">
    <skipped/>
  </testcase> <!-- @BeforeTest setup -->
  <testcase classname="com.AdminTest.DepartmentTest" name="@AfterTest TearDown" time="-1.704950638473E9">
    <skipped/>
  </testcase> <!-- @AfterTest TearDown -->
  <testcase classname="com.AdminTest.DesignationsTest" name="@AfterTest TearDown" time="-1.704950638475E9">
    <skipped/>
  </testcase> <!-- @AfterTest TearDown -->
  <testcase classname="com.AdminTest.EntityTest" name="@AfterTest TearDown" time="-1.704950638476E9">
    <skipped/>
  </testcase> <!-- @AfterTest TearDown -->
  <testcase classname="com.AdminTest.RolesAndPermissionsTest" name="@AfterTest TearDown" time="-1.704950638477E9">
    <skipped/>
  </testcase> <!-- @AfterTest TearDown -->
  <testcase classname="com.AdminTest.UserMasterTest" name="@AfterTest tearDown" time="-1.704950638479E9">
    <skipped/>
  </testcase> <!-- @AfterTest tearDown -->
  <testcase classname="com.AdminTest.EntityTest" name="VerifyEntityMasterForm" time="0.0">
    <skipped/>
  </testcase> <!-- VerifyEntityMasterForm -->
  <testcase classname="com.AdminTest.UserMasterTest" name="VerifyUserMasterForm" time="0.0">
    <skipped/>
  </testcase> <!-- VerifyUserMasterForm -->
  <testcase classname="com.AdminTest.RolesAndPermissionsTest" name="VerifyEntityMasterForm" time="0.0">
    <skipped/>
  </testcase> <!-- VerifyEntityMasterForm -->
  <testcase classname="com.AdminTest.DesignationsTest" name="VerifyDesignationsForm" time="0.0">
    <skipped/>
  </testcase> <!-- VerifyDesignationsForm -->
  <testcase classname="com.AdminTest.DepartmentTest" name="VerifyDepartmentForm" time="0.0">
    <skipped/>
  </testcase> <!-- VerifyDepartmentForm -->
</testsuite> <!-- Verify Admin Module Functionality -->
